mode: set
github.com/elishambadi/sharebite/main.go:11.13,24.2 7 0
github.com/elishambadi/sharebite/config/config.go:20.19,36.2 2 0
github.com/elishambadi/sharebite/config/config.go:38.47,40.2 1 0
github.com/elishambadi/sharebite/docs/docs.go:63.13,65.2 1 0
github.com/elishambadi/sharebite/middlewares/authMiddleware.go:3.20,5.2 0 0
github.com/elishambadi/sharebite/middlewares/loggerMiddleware.go:10.59,11.32 1 0
github.com/elishambadi/sharebite/middlewares/loggerMiddleware.go:11.32,23.3 3 0
github.com/elishambadi/sharebite/middlewares/roleMiddleware.go:16.36,19.20 2 0
github.com/elishambadi/sharebite/middlewares/roleMiddleware.go:19.20,23.3 3 0
github.com/elishambadi/sharebite/middlewares/roleMiddleware.go:24.2,25.27 2 0
github.com/elishambadi/sharebite/middlewares/roleMiddleware.go:25.27,27.3 1 0
github.com/elishambadi/sharebite/middlewares/roleMiddleware.go:27.8,31.3 3 0
github.com/elishambadi/sharebite/middlewares/roleMiddleware.go:32.2,35.32 3 0
github.com/elishambadi/sharebite/middlewares/roleMiddleware.go:35.32,39.3 3 0
github.com/elishambadi/sharebite/middlewares/roleMiddleware.go:41.2,42.25 2 0
github.com/elishambadi/sharebite/middlewares/roleMiddleware.go:42.25,46.3 3 0
github.com/elishambadi/sharebite/middlewares/roleMiddleware.go:48.2,51.29 3 0
github.com/elishambadi/sharebite/middlewares/roleMiddleware.go:51.29,52.22 1 0
github.com/elishambadi/sharebite/middlewares/roleMiddleware.go:52.22,54.9 2 0
github.com/elishambadi/sharebite/middlewares/roleMiddleware.go:58.2,58.19 1 0
github.com/elishambadi/sharebite/middlewares/roleMiddleware.go:58.19,62.3 3 0
github.com/elishambadi/sharebite/middlewares/roleMiddleware.go:64.2,65.82 2 0
github.com/elishambadi/sharebite/middlewares/roleMiddleware.go:65.82,69.3 3 0
github.com/elishambadi/sharebite/middlewares/roleMiddleware.go:72.2,74.10 3 0
github.com/elishambadi/sharebite/db/database.go:18.18,26.16 7 0
github.com/elishambadi/sharebite/db/database.go:26.16,28.3 1 0
github.com/elishambadi/sharebite/db/database.go:30.2,34.29 3 0
github.com/elishambadi/sharebite/db/database.go:34.29,36.3 1 0
github.com/elishambadi/sharebite/db/database.go:39.15,46.31 3 0
github.com/elishambadi/sharebite/db/database.go:46.31,47.48 1 0
github.com/elishambadi/sharebite/db/database.go:47.48,49.4 1 0
github.com/elishambadi/sharebite/db/database.go:50.3,50.20 1 0
github.com/elishambadi/sharebite/db/database.go:54.2,75.39 2 0
github.com/elishambadi/sharebite/db/database.go:75.39,76.52 1 0
github.com/elishambadi/sharebite/db/database.go:76.52,78.4 1 0
github.com/elishambadi/sharebite/db/database.go:80.3,80.28 1 0
github.com/elishambadi/sharebite/db/database.go:84.2,97.43 2 0
github.com/elishambadi/sharebite/db/database.go:97.43,98.51 1 0
github.com/elishambadi/sharebite/db/database.go:98.51,100.4 1 0
github.com/elishambadi/sharebite/db/database.go:103.2,103.46 1 0
github.com/elishambadi/sharebite/mocks/db_mocks.go:15.71,17.26 2 0
github.com/elishambadi/sharebite/mocks/db_mocks.go:17.26,19.3 1 0
github.com/elishambadi/sharebite/mocks/db_mocks.go:20.2,21.19 2 0
github.com/elishambadi/sharebite/models/donation.go:36.153,49.2 1 0
github.com/elishambadi/sharebite/models/donation.go:52.100,61.2 1 0
github.com/elishambadi/sharebite/models/donation.go:64.41,72.2 2 0
github.com/elishambadi/sharebite/models/donation.go:75.55,83.2 2 0
github.com/elishambadi/sharebite/models/user.go:25.46,26.48 1 0
github.com/elishambadi/sharebite/models/user.go:26.48,28.3 1 0
github.com/elishambadi/sharebite/models/user.go:29.2,29.12 1 0
github.com/elishambadi/sharebite/models/user.go:33.68,44.2 1 0
github.com/elishambadi/sharebite/models/user.go:51.25,57.2 2 0
github.com/elishambadi/sharebite/controllers/donations.go:22.102,23.30 1 0
github.com/elishambadi/sharebite/controllers/donations.go:23.30,25.17 2 0
github.com/elishambadi/sharebite/controllers/donations.go:25.17,31.4 3 0
github.com/elishambadi/sharebite/controllers/donations.go:33.3,34.53 2 0
github.com/elishambadi/sharebite/controllers/donations.go:34.53,37.4 2 0
github.com/elishambadi/sharebite/controllers/donations.go:39.3,41.67 2 0
github.com/elishambadi/sharebite/controllers/donations.go:41.67,44.4 2 0
github.com/elishambadi/sharebite/controllers/donations.go:46.3,46.97 1 0
github.com/elishambadi/sharebite/controllers/donations.go:51.76,52.32 1 0
github.com/elishambadi/sharebite/controllers/donations.go:52.32,54.17 2 0
github.com/elishambadi/sharebite/controllers/donations.go:54.17,57.4 2 0
github.com/elishambadi/sharebite/controllers/donations.go:59.3,62.5 1 0
github.com/elishambadi/sharebite/controllers/donations.go:67.82,68.32 1 0
github.com/elishambadi/sharebite/controllers/donations.go:68.32,71.17 3 0
github.com/elishambadi/sharebite/controllers/donations.go:71.17,74.4 2 0
github.com/elishambadi/sharebite/controllers/donations.go:76.3,76.56 1 0
github.com/elishambadi/sharebite/controllers/donations.go:81.109,82.30 1 0
github.com/elishambadi/sharebite/controllers/donations.go:82.30,84.52 2 0
github.com/elishambadi/sharebite/controllers/donations.go:84.52,87.4 2 0
github.com/elishambadi/sharebite/controllers/donations.go:90.3,91.17 2 0
github.com/elishambadi/sharebite/controllers/donations.go:91.17,94.4 2 0
github.com/elishambadi/sharebite/controllers/donations.go:96.3,98.73 2 0
github.com/elishambadi/sharebite/controllers/donations.go:98.73,101.4 2 0
github.com/elishambadi/sharebite/controllers/donations.go:103.3,103.94 1 0
github.com/elishambadi/sharebite/controllers/donations.go:108.115,109.30 1 0
github.com/elishambadi/sharebite/controllers/donations.go:109.30,115.50 3 0
github.com/elishambadi/sharebite/controllers/donations.go:115.50,118.4 2 0
github.com/elishambadi/sharebite/controllers/donations.go:121.3,130.14 3 0
github.com/elishambadi/sharebite/controllers/donations.go:130.14,133.4 2 0
github.com/elishambadi/sharebite/controllers/donations.go:136.3,137.17 2 0
github.com/elishambadi/sharebite/controllers/donations.go:137.17,140.4 2 0
github.com/elishambadi/sharebite/controllers/donations.go:143.3,144.17 2 0
github.com/elishambadi/sharebite/controllers/donations.go:144.17,147.4 2 0
github.com/elishambadi/sharebite/controllers/donations.go:150.3,150.42 1 0
github.com/elishambadi/sharebite/controllers/donations.go:150.42,153.4 2 0
github.com/elishambadi/sharebite/controllers/donations.go:156.3,156.94 1 0
github.com/elishambadi/sharebite/controllers/donations.go:156.94,159.4 2 0
github.com/elishambadi/sharebite/controllers/donations.go:161.3,161.109 1 0
github.com/elishambadi/sharebite/controllers/donations.go:166.83,167.32 1 0
github.com/elishambadi/sharebite/controllers/donations.go:167.32,169.17 2 0
github.com/elishambadi/sharebite/controllers/donations.go:169.17,172.4 2 0
github.com/elishambadi/sharebite/controllers/donations.go:174.3,174.36 1 0
github.com/elishambadi/sharebite/controllers/users.go:31.59,32.30 1 1
github.com/elishambadi/sharebite/controllers/users.go:32.30,37.17 2 1
github.com/elishambadi/sharebite/controllers/users.go:37.17,42.4 1 1
github.com/elishambadi/sharebite/controllers/users.go:44.3,47.5 1 1
github.com/elishambadi/sharebite/controllers/users.go:52.65,53.30 1 1
github.com/elishambadi/sharebite/controllers/users.go:53.30,56.52 2 1
github.com/elishambadi/sharebite/controllers/users.go:56.52,60.4 1 0
github.com/elishambadi/sharebite/controllers/users.go:62.3,63.17 2 1
github.com/elishambadi/sharebite/controllers/users.go:63.17,68.4 2 1
github.com/elishambadi/sharebite/controllers/users.go:71.3,73.5 1 1
github.com/elishambadi/sharebite/controllers/users.go:77.66,78.32 1 1
github.com/elishambadi/sharebite/controllers/users.go:78.32,81.17 3 1
github.com/elishambadi/sharebite/controllers/users.go:81.17,83.41 1 1
github.com/elishambadi/sharebite/controllers/users.go:83.41,89.5 2 1
github.com/elishambadi/sharebite/controllers/users.go:92.4,96.10 2 0
github.com/elishambadi/sharebite/controllers/users.go:99.3,102.5 1 1
github.com/elishambadi/sharebite/controllers/users.go:106.69,107.32 1 0
github.com/elishambadi/sharebite/controllers/users.go:107.32,110.17 3 0
github.com/elishambadi/sharebite/controllers/users.go:110.17,115.4 2 0
github.com/elishambadi/sharebite/controllers/users.go:117.3,119.5 1 0
github.com/elishambadi/sharebite/controllers/users.go:123.71,124.32 1 0
github.com/elishambadi/sharebite/controllers/users.go:124.32,126.17 2 0
github.com/elishambadi/sharebite/controllers/users.go:126.17,133.4 3 0
github.com/elishambadi/sharebite/controllers/users.go:135.3,138.5 1 0
github.com/elishambadi/sharebite/controllers/users.go:142.72,143.32 1 0
github.com/elishambadi/sharebite/controllers/users.go:143.32,145.17 2 0
github.com/elishambadi/sharebite/controllers/users.go:145.17,151.4 3 0
github.com/elishambadi/sharebite/controllers/users.go:153.3,155.5 1 0
github.com/elishambadi/sharebite/controllers/users.go:159.77,160.32 1 0
github.com/elishambadi/sharebite/controllers/users.go:160.32,163.17 3 0
github.com/elishambadi/sharebite/controllers/users.go:163.17,166.4 2 0
github.com/elishambadi/sharebite/controllers/users.go:168.3,168.56 1 0
github.com/elishambadi/sharebite/controllers/users.go:172.64,173.32 1 0
github.com/elishambadi/sharebite/controllers/users.go:173.32,176.3 2 0
github.com/elishambadi/sharebite/models/donation.go:36.153,49.2 1 0
github.com/elishambadi/sharebite/models/donation.go:52.100,61.2 1 0
github.com/elishambadi/sharebite/models/donation.go:64.41,72.2 2 0
github.com/elishambadi/sharebite/models/donation.go:75.55,83.2 2 0
github.com/elishambadi/sharebite/models/user.go:25.46,26.48 1 0
github.com/elishambadi/sharebite/models/user.go:26.48,28.3 1 0
github.com/elishambadi/sharebite/models/user.go:29.2,29.12 1 0
github.com/elishambadi/sharebite/models/user.go:33.68,44.2 1 1
github.com/elishambadi/sharebite/models/user.go:51.25,57.2 2 1
github.com/elishambadi/sharebite/utils/files.go:10.67,12.16 2 0
github.com/elishambadi/sharebite/utils/files.go:12.16,14.3 1 0
github.com/elishambadi/sharebite/utils/files.go:16.2,17.16 2 0
github.com/elishambadi/sharebite/utils/files.go:17.16,19.3 1 0
github.com/elishambadi/sharebite/utils/files.go:21.2,22.59 2 0
github.com/elishambadi/sharebite/utils/files.go:22.59,24.3 1 0
github.com/elishambadi/sharebite/utils/files.go:26.2,28.21 2 0
github.com/elishambadi/sharebite/utils/jwt.go:11.63,19.2 3 0
github.com/elishambadi/sharebite/utils/jwt.go:21.55,22.73 1 0
github.com/elishambadi/sharebite/utils/jwt.go:22.73,24.3 1 0
github.com/elishambadi/sharebite/utils/logger.go:8.32,12.35 3 0
github.com/elishambadi/sharebite/utils/logger.go:12.35,15.3 1 0
github.com/elishambadi/sharebite/utils/logger.go:15.8,18.3 1 0
github.com/elishambadi/sharebite/utils/logger.go:20.2,20.16 1 0
github.com/elishambadi/sharebite/utils/logger.go:20.16,21.39 1 0
github.com/elishambadi/sharebite/utils/logger.go:24.2,24.15 1 0
github.com/elishambadi/sharebite/utils/password_utils.go:5.52,7.16 2 1
github.com/elishambadi/sharebite/utils/password_utils.go:7.16,9.3 1 0
github.com/elishambadi/sharebite/utils/password_utils.go:10.2,10.36 1 1
github.com/elishambadi/sharebite/utils/password_utils.go:13.58,16.2 2 0
github.com/elishambadi/sharebite/routes/routes.go:13.53,18.36 2 0
github.com/elishambadi/sharebite/routes/routes.go:18.36,22.3 1 0
github.com/elishambadi/sharebite/routes/routes.go:24.2,25.2 2 0
github.com/elishambadi/sharebite/routes/routes.go:25.2,30.3 4 0
github.com/elishambadi/sharebite/routes/routes.go:32.2,34.2 3 0
github.com/elishambadi/sharebite/routes/routes.go:34.2,41.3 6 0
github.com/elishambadi/sharebite/routes/routes.go:43.2,46.70 4 0
github.com/elishambadi/sharebite/models/donation.go:36.153,49.2 1 1
github.com/elishambadi/sharebite/models/donation.go:52.100,61.2 1 1
github.com/elishambadi/sharebite/models/donation.go:64.41,72.2 2 1
github.com/elishambadi/sharebite/models/donation.go:75.55,83.2 2 1
github.com/elishambadi/sharebite/models/user.go:25.46,26.48 1 1
github.com/elishambadi/sharebite/models/user.go:26.48,28.3 1 0
github.com/elishambadi/sharebite/models/user.go:29.2,29.12 1 1
github.com/elishambadi/sharebite/models/user.go:33.68,44.2 1 1
github.com/elishambadi/sharebite/models/user.go:51.25,57.2 2 1
github.com/elishambadi/sharebite/repositories/donationRepository.go:15.61,19.2 1 1
github.com/elishambadi/sharebite/repositories/donationRepository.go:21.68,25.70 2 1
github.com/elishambadi/sharebite/repositories/donationRepository.go:25.70,27.3 1 0
github.com/elishambadi/sharebite/repositories/donationRepository.go:29.2,29.23 1 1
github.com/elishambadi/sharebite/repositories/donationRepository.go:32.79,34.2 1 1
github.com/elishambadi/sharebite/repositories/donationRepository.go:36.92,38.2 1 1
github.com/elishambadi/sharebite/repositories/donationRepository.go:40.91,43.16 3 1
github.com/elishambadi/sharebite/repositories/donationRepository.go:43.16,45.3 1 0
github.com/elishambadi/sharebite/repositories/donationRepository.go:47.2,47.59 1 1
github.com/elishambadi/sharebite/repositories/donationRepository.go:47.59,49.3 1 0
github.com/elishambadi/sharebite/repositories/donationRepository.go:50.2,51.35 2 1
github.com/elishambadi/sharebite/repositories/donationRepository.go:54.88,56.52 2 1
github.com/elishambadi/sharebite/repositories/donationRepository.go:56.52,58.3 1 0
github.com/elishambadi/sharebite/repositories/donationRepository.go:59.2,59.22 1 1
github.com/elishambadi/sharebite/repositories/donationRepository.go:62.105,64.83 2 1
github.com/elishambadi/sharebite/repositories/donationRepository.go:64.83,66.3 1 0
github.com/elishambadi/sharebite/repositories/donationRepository.go:67.2,67.22 1 1
github.com/elishambadi/sharebite/repositories/userRepository.go:25.81,30.2 1 1
github.com/elishambadi/sharebite/repositories/userRepository.go:32.63,36.25 3 1
github.com/elishambadi/sharebite/repositories/userRepository.go:36.25,38.3 1 0
github.com/elishambadi/sharebite/repositories/userRepository.go:39.2,39.19 1 1
github.com/elishambadi/sharebite/repositories/userRepository.go:42.64,44.25 2 1
github.com/elishambadi/sharebite/repositories/userRepository.go:44.25,47.3 2 0
github.com/elishambadi/sharebite/repositories/userRepository.go:47.8,50.3 2 1
github.com/elishambadi/sharebite/repositories/userRepository.go:53.87,55.47 2 1
github.com/elishambadi/sharebite/repositories/userRepository.go:55.47,58.3 2 0
github.com/elishambadi/sharebite/repositories/userRepository.go:59.2,59.12 1 1
github.com/elishambadi/sharebite/repositories/userRepository.go:62.80,65.16 3 1
github.com/elishambadi/sharebite/repositories/userRepository.go:65.16,68.3 2 1
github.com/elishambadi/sharebite/repositories/userRepository.go:70.2,71.18 2 1
github.com/elishambadi/sharebite/repositories/userRepository.go:74.74,78.25 4 1
github.com/elishambadi/sharebite/repositories/userRepository.go:78.25,81.3 2 1
github.com/elishambadi/sharebite/repositories/userRepository.go:83.2,84.18 2 1
github.com/elishambadi/sharebite/repositories/userRepository.go:87.62,90.16 3 1
github.com/elishambadi/sharebite/repositories/userRepository.go:90.16,92.3 1 0
github.com/elishambadi/sharebite/repositories/userRepository.go:94.2,95.28 2 1
github.com/elishambadi/sharebite/repositories/userRepository.go:95.28,98.3 2 0
github.com/elishambadi/sharebite/repositories/userRepository.go:100.2,101.12 2 1
github.com/elishambadi/sharebite/utils/files.go:10.67,12.16 2 0
github.com/elishambadi/sharebite/utils/files.go:12.16,14.3 1 0
github.com/elishambadi/sharebite/utils/files.go:16.2,17.16 2 0
github.com/elishambadi/sharebite/utils/files.go:17.16,19.3 1 0
github.com/elishambadi/sharebite/utils/files.go:21.2,22.59 2 0
github.com/elishambadi/sharebite/utils/files.go:22.59,24.3 1 0
github.com/elishambadi/sharebite/utils/files.go:26.2,28.21 2 0
github.com/elishambadi/sharebite/utils/jwt.go:11.63,19.2 3 0
github.com/elishambadi/sharebite/utils/jwt.go:21.55,22.73 1 0
github.com/elishambadi/sharebite/utils/jwt.go:22.73,24.3 1 0
github.com/elishambadi/sharebite/utils/logger.go:8.32,12.35 3 0
github.com/elishambadi/sharebite/utils/logger.go:12.35,15.3 1 0
github.com/elishambadi/sharebite/utils/logger.go:15.8,18.3 1 0
github.com/elishambadi/sharebite/utils/logger.go:20.2,20.16 1 0
github.com/elishambadi/sharebite/utils/logger.go:20.16,21.39 1 0
github.com/elishambadi/sharebite/utils/logger.go:24.2,24.15 1 0
github.com/elishambadi/sharebite/utils/password_utils.go:5.52,7.16 2 1
github.com/elishambadi/sharebite/utils/password_utils.go:7.16,9.3 1 0
github.com/elishambadi/sharebite/utils/password_utils.go:10.2,10.36 1 1
github.com/elishambadi/sharebite/utils/password_utils.go:13.58,16.2 2 0
github.com/elishambadi/sharebite/utils/files.go:10.67,12.16 2 0
github.com/elishambadi/sharebite/utils/files.go:12.16,14.3 1 0
github.com/elishambadi/sharebite/utils/files.go:16.2,17.16 2 0
github.com/elishambadi/sharebite/utils/files.go:17.16,19.3 1 0
github.com/elishambadi/sharebite/utils/files.go:21.2,22.59 2 0
github.com/elishambadi/sharebite/utils/files.go:22.59,24.3 1 0
github.com/elishambadi/sharebite/utils/files.go:26.2,28.21 2 0
github.com/elishambadi/sharebite/utils/jwt.go:11.63,19.2 3 0
github.com/elishambadi/sharebite/utils/jwt.go:21.55,22.73 1 0
github.com/elishambadi/sharebite/utils/jwt.go:22.73,24.3 1 0
github.com/elishambadi/sharebite/utils/logger.go:8.32,12.35 3 0
github.com/elishambadi/sharebite/utils/logger.go:12.35,15.3 1 0
github.com/elishambadi/sharebite/utils/logger.go:15.8,18.3 1 0
github.com/elishambadi/sharebite/utils/logger.go:20.2,20.16 1 0
github.com/elishambadi/sharebite/utils/logger.go:20.16,21.39 1 0
github.com/elishambadi/sharebite/utils/logger.go:24.2,24.15 1 0
github.com/elishambadi/sharebite/utils/password_utils.go:5.52,7.16 2 0
github.com/elishambadi/sharebite/utils/password_utils.go:7.16,9.3 1 0
github.com/elishambadi/sharebite/utils/password_utils.go:10.2,10.36 1 0
github.com/elishambadi/sharebite/utils/password_utils.go:13.58,16.2 2 0
github.com/elishambadi/sharebite/config/config.go:20.19,36.2 2 0
github.com/elishambadi/sharebite/config/config.go:38.47,40.2 1 0
github.com/elishambadi/sharebite/db/database.go:18.18,26.16 7 0
github.com/elishambadi/sharebite/db/database.go:26.16,28.3 1 0
github.com/elishambadi/sharebite/db/database.go:30.2,34.29 3 0
github.com/elishambadi/sharebite/db/database.go:34.29,36.3 1 0
github.com/elishambadi/sharebite/db/database.go:39.15,46.31 3 0
github.com/elishambadi/sharebite/db/database.go:46.31,47.48 1 0
github.com/elishambadi/sharebite/db/database.go:47.48,49.4 1 0
github.com/elishambadi/sharebite/db/database.go:50.3,50.20 1 0
github.com/elishambadi/sharebite/db/database.go:54.2,75.39 2 0
github.com/elishambadi/sharebite/db/database.go:75.39,76.52 1 0
github.com/elishambadi/sharebite/db/database.go:76.52,78.4 1 0
github.com/elishambadi/sharebite/db/database.go:80.3,80.28 1 0
github.com/elishambadi/sharebite/db/database.go:84.2,97.43 2 0
github.com/elishambadi/sharebite/db/database.go:97.43,98.51 1 0
github.com/elishambadi/sharebite/db/database.go:98.51,100.4 1 0
github.com/elishambadi/sharebite/db/database.go:103.2,103.46 1 0
github.com/elishambadi/sharebite/models/donation.go:36.153,49.2 1 0
github.com/elishambadi/sharebite/models/donation.go:52.100,61.2 1 0
github.com/elishambadi/sharebite/models/donation.go:64.41,72.2 2 0
github.com/elishambadi/sharebite/models/donation.go:75.55,83.2 2 0
github.com/elishambadi/sharebite/models/user.go:25.46,26.48 1 0
github.com/elishambadi/sharebite/models/user.go:26.48,28.3 1 0
github.com/elishambadi/sharebite/models/user.go:29.2,29.12 1 0
github.com/elishambadi/sharebite/models/user.go:33.68,44.2 1 1
github.com/elishambadi/sharebite/models/user.go:51.25,57.2 2 1
github.com/elishambadi/sharebite/services/donationService.go:14.78,16.2 1 0
github.com/elishambadi/sharebite/services/donationService.go:18.75,20.2 1 0
github.com/elishambadi/sharebite/services/donationService.go:23.70,25.2 1 0
github.com/elishambadi/sharebite/services/donationService.go:28.97,30.2 1 0
github.com/elishambadi/sharebite/services/donationService.go:33.88,35.2 1 0
github.com/elishambadi/sharebite/services/donationService.go:38.87,40.2 1 0
github.com/elishambadi/sharebite/services/donationService.go:43.84,45.2 1 0
github.com/elishambadi/sharebite/services/donationService.go:48.101,50.2 1 0
github.com/elishambadi/sharebite/services/userService.go:21.86,26.2 1 1
github.com/elishambadi/sharebite/services/userService.go:28.57,30.2 1 1
github.com/elishambadi/sharebite/services/userService.go:32.61,34.16 2 0
github.com/elishambadi/sharebite/services/userService.go:34.16,36.3 1 0
github.com/elishambadi/sharebite/services/userService.go:37.2,39.31 2 0
github.com/elishambadi/sharebite/services/userService.go:42.74,45.50 2 0
github.com/elishambadi/sharebite/services/userService.go:45.50,47.3 1 0
github.com/elishambadi/sharebite/services/userService.go:49.2,50.16 2 0
github.com/elishambadi/sharebite/services/userService.go:50.16,52.3 1 0
github.com/elishambadi/sharebite/services/userService.go:54.2,55.20 2 0
github.com/elishambadi/sharebite/services/userService.go:55.20,57.3 1 0
github.com/elishambadi/sharebite/services/userService.go:59.2,62.16 3 0
github.com/elishambadi/sharebite/services/userService.go:62.16,64.3 1 0
github.com/elishambadi/sharebite/services/userService.go:66.2,66.72 1 0
github.com/elishambadi/sharebite/services/userService.go:66.72,68.3 1 0
github.com/elishambadi/sharebite/services/userService.go:70.2,72.19 2 0
github.com/elishambadi/sharebite/services/userService.go:75.63,78.55 2 0
github.com/elishambadi/sharebite/services/userService.go:78.55,80.3 1 0
github.com/elishambadi/sharebite/services/userService.go:82.2,85.16 3 0
github.com/elishambadi/sharebite/services/userService.go:85.16,87.3 1 0
github.com/elishambadi/sharebite/services/userService.go:89.2,90.16 2 0
github.com/elishambadi/sharebite/services/userService.go:90.16,92.3 1 0
github.com/elishambadi/sharebite/services/userService.go:94.2,95.48 2 0
github.com/elishambadi/sharebite/services/userService.go:95.48,97.3 1 0
github.com/elishambadi/sharebite/services/userService.go:99.2,99.12 1 0
github.com/elishambadi/sharebite/services/userService.go:103.79,107.13 3 0
github.com/elishambadi/sharebite/services/userService.go:107.13,112.3 2 0
github.com/elishambadi/sharebite/services/userService.go:114.2,115.9 2 0
github.com/elishambadi/sharebite/services/userService.go:115.9,117.3 1 0
github.com/elishambadi/sharebite/services/userService.go:119.2,119.32 1 0
github.com/elishambadi/sharebite/services/userService.go:122.67,124.2 1 0
github.com/elishambadi/sharebite/services/userService.go:126.73,128.2 1 0
github.com/elishambadi/sharebite/services/userService.go:130.55,132.2 1 0
github.com/elishambadi/sharebite/utils/files.go:10.67,12.16 2 0
github.com/elishambadi/sharebite/utils/files.go:12.16,14.3 1 0
github.com/elishambadi/sharebite/utils/files.go:16.2,17.16 2 0
github.com/elishambadi/sharebite/utils/files.go:17.16,19.3 1 0
github.com/elishambadi/sharebite/utils/files.go:21.2,22.59 2 0
github.com/elishambadi/sharebite/utils/files.go:22.59,24.3 1 0
github.com/elishambadi/sharebite/utils/files.go:26.2,28.21 2 0
github.com/elishambadi/sharebite/utils/jwt.go:11.63,19.2 3 0
github.com/elishambadi/sharebite/utils/jwt.go:21.55,22.73 1 0
github.com/elishambadi/sharebite/utils/jwt.go:22.73,24.3 1 0
github.com/elishambadi/sharebite/utils/logger.go:8.32,12.35 3 0
github.com/elishambadi/sharebite/utils/logger.go:12.35,15.3 1 0
github.com/elishambadi/sharebite/utils/logger.go:15.8,18.3 1 0
github.com/elishambadi/sharebite/utils/logger.go:20.2,20.16 1 0
github.com/elishambadi/sharebite/utils/logger.go:20.16,21.39 1 0
github.com/elishambadi/sharebite/utils/logger.go:24.2,24.15 1 0
github.com/elishambadi/sharebite/utils/password_utils.go:5.52,7.16 2 1
github.com/elishambadi/sharebite/utils/password_utils.go:7.16,9.3 1 0
github.com/elishambadi/sharebite/utils/password_utils.go:10.2,10.36 1 1
github.com/elishambadi/sharebite/utils/password_utils.go:13.58,16.2 2 0
